[debug] [2019-06-10T21:47:06.487Z] ----------------------------------------------------------------------
[debug] [2019-06-10T21:47:06.490Z] Command:       /usr/local/bin/node /usr/local/bin/firebase deploy
[debug] [2019-06-10T21:47:06.490Z] CLI Version:   6.11.0
[debug] [2019-06-10T21:47:06.490Z] Platform:      darwin
[debug] [2019-06-10T21:47:06.490Z] Node Version:  v10.16.0
[debug] [2019-06-10T21:47:06.491Z] Time:          Mon Jun 10 2019 14:47:06 GMT-0700 (Pacific Daylight Time)
[debug] [2019-06-10T21:47:06.491Z] ----------------------------------------------------------------------
[debug] 
[debug] [2019-06-10T21:47:06.504Z] > command requires scopes: ["email","openid","https://www.googleapis.com/auth/cloudplatformprojects.readonly","https://www.googleapis.com/auth/firebase","https://www.googleapis.com/auth/cloud-platform"]
[debug] [2019-06-10T21:47:06.504Z] > authorizing via signed-in user
[debug] [2019-06-10T21:47:06.504Z] [iam] checking project beatthelag-info442 for permissions ["firebase.projects.get","firebasehosting.sites.update"]
[debug] [2019-06-10T21:47:06.506Z] >>> HTTP REQUEST POST https://cloudresourcemanager.googleapis.com/v1/projects/beatthelag-info442:testIamPermissions  

[debug] [2019-06-10T21:47:07.229Z] <<< HTTP RESPONSE 200
[debug] [2019-06-10T21:47:07.232Z] >>> HTTP REQUEST GET https://firebase.googleapis.com/v1beta1/projects/beatthelag-info442  
 
[debug] [2019-06-10T21:47:07.635Z] <<< HTTP RESPONSE 200
[info] 
[info] === Deploying to 'beatthelag-info442'...
[info] 
[info] i  deploying hosting
[debug] [2019-06-10T21:47:07.639Z] >>> HTTP REQUEST POST https://firebasehosting.googleapis.com/v1beta1/sites/beatthelag-info442/versions  

[debug] [2019-06-10T21:47:08.353Z] <<< HTTP RESPONSE 200
[info] i  hosting[beatthelag-info442]: beginning deploy...
[info] i  hosting[beatthelag-info442]: found 8 files in build
[debug] [2019-06-10T21:47:08.364Z] [hosting] hash cache [YnVpbGQ] load error: lines is not defined
[debug] [2019-06-10T21:47:08.906Z] [hosting] hash cache [YnVpbGQ] stored for 8 files
[debug] [2019-06-10T21:47:08.906Z] [hosting][hash queue][FINAL]
[debug] [2019-06-10T21:47:08.907Z] >>> HTTP REQUEST POST https://firebasehosting.googleapis.com/v1beta1/sites/beatthelag-info442/versions/34e1566bbf125612:populateFiles  
 <request body omitted>
[debug] [2019-06-10T21:47:09.685Z] <<< HTTP RESPONSE 200
[debug] [2019-06-10T21:47:09.689Z] [hosting][populate queue][FINAL]
[debug] [2019-06-10T21:47:09.689Z] [hosting] uploads queued: 4
